2024-04-24 23:12:53,743 INFO: Iniciando módulo: Processamento de Consulta
2024-04-24 23:12:53,744 DEBUG: Arquivo de configuração lido com sucesso
2024-04-24 23:12:53,744 INFO: Iniciando leitura do arquivo cfquery.xml
2024-04-24 23:12:53,751 INFO: Arquivo cfquery.xml lido com sucesso
2024-04-24 23:12:53,751 INFO: O dataframe do arquivo gerado tem 4820 linhas
2024-04-24 23:12:53,751 INFO: Iniciando tranformação de consultas
2024-04-24 23:12:53,756 INFO: Tranformação de consultas finalizado com sucesso
2024-04-24 23:12:53,757 INFO: Iniciando tranformação de resultados esperados
2024-04-24 23:12:53,759 INFO: Tranformação de resultados esperados finalizado com sucesso
2024-04-24 23:12:53,762 INFO: Arquivos resultados/queries.csv e resultados/exp_query_results.csv criados.
2024-04-24 23:12:53,762 INFO: Execução do modulo finalizada em 0.01859259605407715s
2024-04-24 23:13:24,278 INFO: Iniciando módulo: Processamento de Consulta
2024-04-24 23:13:24,278 DEBUG: Arquivo de configuração lido com sucesso
2024-04-24 23:13:24,278 INFO: Iniciando leitura do arquivo cfquery.xml
2024-04-24 23:13:24,285 INFO: Arquivo cfquery.xml lido com sucesso
2024-04-24 23:13:24,285 INFO: O dataframe do arquivo gerado tem 4820 linhas
2024-04-24 23:13:24,285 INFO: Iniciando tranformação de consultas
2024-04-24 23:13:24,290 INFO: Tranformação de consultas finalizado com sucesso
2024-04-24 23:13:24,291 INFO: Iniciando tranformação de resultados esperados
2024-04-24 23:13:24,293 INFO: Tranformação de resultados esperados finalizado com sucesso
2024-04-24 23:13:24,295 INFO: Arquivos resultados/queries.csv e resultados/exp_query_results.csv criados.
2024-04-24 23:13:24,295 INFO: Execução do modulo finalizada em 0.01772618293762207s
2024-07-22 21:48:19,839 INFO: Iniciando módulo: Processamento de Consulta
2024-07-22 21:48:19,839 DEBUG: Arquivo de configuração lido com sucesso
2024-07-22 21:48:19,839 INFO: Iniciando leitura do arquivo cfquery.xml
2024-07-22 21:48:19,849 INFO: Arquivo cfquery.xml lido com sucesso
2024-07-22 21:48:19,849 INFO: O dataframe do arquivo gerado tem 4820 linhas
2024-07-22 21:48:19,850 INFO: Iniciando tranformação de consultas
2024-07-22 21:48:19,892 INFO: Tranformação de consultas finalizado com sucesso
2024-07-22 21:48:19,894 INFO: Iniciando tranformação de resultados esperados
2024-07-22 21:48:19,896 INFO: Tranformação de resultados esperados finalizado com sucesso
2024-07-22 21:48:19,898 INFO: Arquivos resultados/queries.csv e resultados/RESULTADOS_ESPERADOS.csv criados.
2024-07-22 21:48:19,898 INFO: Execução do modulo finalizada em 0.05970168113708496s
